# JRE version: OpenJDK Runtime Environment (21.0.10) (build 21.0.10+-14961533-b1163.108)
# Java VM: OpenJDK 64-Bit Server VM (21.0.10+-14961533-b1163.108, mixed mode, tiered, compressed oops, compressed class ptrs, g1 gc, windows-amd64)
GC Precious Log:
 CardTable entry size: 512
 Card Set container configuration: InlinePtr #cards 5 size 8 Array Of Cards #cards 12 size 40 Howl #buckets 4 coarsen threshold 1843 Howl Bitmap #cards 512 size 80 coarsen threshold 460 Card regions per heap region 1 cards per card region 2048
 CPUs: 12 total, 12 available
 Memory: 15920M
 Large Page Support: Disabled
 NUMA Support: Disabled
 Compressed Oops: Enabled (32-bit)
 Heap Region Size: 1M
 Heap Min Capacity: 8M
 Heap Initial Capacity: 250M
 Heap Max Capacity: 2G
 Pre-touch: Disabled
 Parallel Workers: 10
 Concurrent Workers: 3
 Concurrent Refinement Workers: 10
 Periodic GC: Disabled
Heap:
 garbage-first heap   total 82944K, used 57462K [0x0000000080000000, 0x0000000100000000)
  region size 1024K, 18 young (18432K), 5 survivors (5120K)
 Metaspace       used 68635K, committed 70400K, reserved 1114112K
  class space    used 9809K, committed 10624K, reserved 1048576K
GC Heap History (20 events):
Event: 10.304 GC heap before
{Heap before GC invocations=5 (full 0):
 garbage-first heap   total 82944K, used 60794K [0x0000000080000000, 0x0000000100000000)
  region size 1024K, 48 young (49152K), 11 survivors (11264K)
 Metaspace       used 35229K, committed 35968K, reserved 1114112K
  class space    used 4618K, committed 4992K, reserved 1048576K
}
Event: 10.316 GC heap after
{Heap after GC invocations=6 (full 0):
 garbage-first heap   total 82944K, used 25706K [0x0000000080000000, 0x0000000100000000)
  region size 1024K, 6 young (6144K), 6 survivors (6144K)
 Metaspace       used 35229K, committed 35968K, reserved 1114112K
  class space    used 4618K, committed 4992K, reserved 1048576K
}
Event: 10.420 GC heap before
{Heap before GC invocations=6 (full 0):
 garbage-first heap   total 82944K, used 27754K [0x0000000080000000, 0x0000000100000000)
  region size 1024K, 9 young (9216K), 6 survivors (6144K)
 Metaspace       used 35578K, committed 36288K, reserved 1114112K
  class space    used 4668K, committed 4992K, reserved 1048576K
}
Event: 10.426 GC heap after
{Heap after GC invocations=7 (full 0):
 garbage-first heap   total 82944K, used 25888K [0x0000000080000000, 0x0000000100000000)
  region size 1024K, 3 young (3072K), 3 survivors (3072K)
 Metaspace       used 35578K, committed 36288K, reserved 1114112K
  class space    used 4668K, committed 4992K, reserved 1048576K
}
Event: 12.031 GC heap before
{Heap before GC invocations=8 (full 0):
 garbage-first heap   total 82944K, used 67872K [0x0000000080000000, 0x0000000100000000)
  region size 1024K, 44 young (45056K), 3 survivors (3072K)
 Metaspace       used 41389K, committed 42496K, reserved 1114112K
  class space    used 5684K, committed 6208K, reserved 1048576K
}
Event: 12.036 GC heap after
{Heap after GC invocations=9 (full 0):
 garbage-first heap   total 82944K, used 27750K [0x0000000080000000, 0x0000000100000000)
  region size 1024K, 5 young (5120K), 5 survivors (5120K)
 Metaspace       used 41389K, committed 42496K, reserved 1114112K
  class space    used 5684K, committed 6208K, reserved 1048576K
}
Event: 14.637 GC heap before
{Heap before GC invocations=9 (full 0):
 garbage-first heap   total 82944K, used 68710K [0x0000000080000000, 0x0000000100000000)
  region size 1024K, 46 young (47104K), 5 survivors (5120K)
 Metaspace       used 48244K, committed 49536K, reserved 1114112K
  class space    used 6654K, committed 7296K, reserved 1048576K
}
Event: 14.647 GC heap after
{Heap after GC invocations=10 (full 0):
 garbage-first heap   total 82944K, used 30909K [0x0000000080000000, 0x0000000100000000)
  region size 1024K, 6 young (6144K), 6 survivors (6144K)
 Metaspace       used 48244K, committed 49536K, reserved 1114112K
  class space    used 6654K, committed 7296K, reserved 1048576K
}
Event: 17.844 GC heap before
{Heap before GC invocations=10 (full 0):
 garbage-first heap   total 82944K, used 70845K [0x0000000080000000, 0x0000000100000000)
  region size 1024K, 45 young (46080K), 6 survivors (6144K)
 Metaspace       used 53210K, committed 54656K, reserved 1114112K
  class space    used 7447K, committed 8128K, reserved 1048576K
}
Event: 17.852 GC heap after
{Heap after GC invocations=11 (full 0):
 garbage-first heap   total 82944K, used 34318K [0x0000000080000000, 0x0000000100000000)
  region size 1024K, 4 young (4096K), 4 survivors (4096K)
 Metaspace       used 53210K, committed 54656K, reserved 1114112K
  class space    used 7447K, committed 8128K, reserved 1048576K
}
Event: 24.847 GC heap before
{Heap before GC invocations=11 (full 0):
 garbage-first heap   total 82944K, used 73230K [0x0000000080000000, 0x0000000100000000)
  region size 1024K, 40 young (40960K), 4 survivors (4096K)
 Metaspace       used 55982K, committed 57536K, reserved 1114112K
  class space    used 7888K, committed 8640K, reserved 1048576K
}
Event: 24.858 GC heap after
{Heap after GC invocations=12 (full 0):
 garbage-first heap   total 82944K, used 41816K [0x0000000080000000, 0x0000000100000000)
  region size 1024K, 5 young (5120K), 5 survivors (5120K)
 Metaspace       used 55982K, committed 57536K, reserved 1114112K
  class space    used 7888K, committed 8640K, reserved 1048576K
}
Event: 27.190 GC heap before
{Heap before GC invocations=12 (full 0):
 garbage-first heap   total 82944K, used 71512K [0x0000000080000000, 0x0000000100000000)
  region size 1024K, 34 young (34816K), 5 survivors (5120K)
 Metaspace       used 57598K, committed 59264K, reserved 1114112K
  class space    used 8141K, committed 8960K, reserved 1048576K
}
Event: 27.196 GC heap after
{Heap after GC invocations=13 (full 0):
 garbage-first heap   total 82944K, used 42492K [0x0000000080000000, 0x0000000100000000)
  region size 1024K, 4 young (4096K), 4 survivors (4096K)
 Metaspace       used 57598K, committed 59264K, reserved 1114112K
  class space    used 8141K, committed 8960K, reserved 1048576K
}
Event: 27.942 GC heap before
{Heap before GC invocations=13 (full 0):
 garbage-first heap   total 82944K, used 54780K [0x0000000080000000, 0x0000000100000000)
  region size 1024K, 17 young (17408K), 4 survivors (4096K)
 Metaspace       used 59120K, committed 60736K, reserved 1114112K
  class space    used 8375K, committed 9152K, reserved 1048576K
}
Event: 27.946 GC heap after
{Heap after GC invocations=14 (full 0):
 garbage-first heap   total 82944K, used 41422K [0x0000000080000000, 0x0000000100000000)
  region size 1024K, 1 young (1024K), 1 survivors (1024K)
 Metaspace       used 59120K, committed 60736K, reserved 1114112K
  class space    used 8375K, committed 9152K, reserved 1048576K
}
Event: 30.771 GC heap before
{Heap before GC invocations=15 (full 0):
 garbage-first heap   total 82944K, used 72142K [0x0000000080000000, 0x0000000100000000)
  region size 1024K, 32 young (32768K), 1 survivors (1024K)
 Metaspace       used 62981K, committed 64704K, reserved 1114112K
  class space    used 8939K, committed 9728K, reserved 1048576K
}
Event: 30.776 GC heap after
{Heap after GC invocations=16 (full 0):
 garbage-first heap   total 82944K, used 42293K [0x0000000080000000, 0x0000000100000000)
  region size 1024K, 2 young (2048K), 2 survivors (2048K)
 Metaspace       used 62981K, committed 64704K, reserved 1114112K
  class space    used 8939K, committed 9728K, reserved 1048576K
}
Event: 32.432 GC heap before
{Heap before GC invocations=16 (full 0):
 garbage-first heap   total 82944K, used 74037K [0x0000000080000000, 0x0000000100000000)
  region size 1024K, 33 young (33792K), 2 survivors (2048K)
 Metaspace       used 66930K, committed 68736K, reserved 1114112K
  class space    used 9559K, committed 10432K, reserved 1048576K
}
Event: 32.439 GC heap after
{Heap after GC invocations=17 (full 0):
 garbage-first heap   total 82944K, used 45174K [0x0000000080000000, 0x0000000100000000)
  region size 1024K, 5 young (5120K), 5 survivors (5120K)
 Metaspace       used 66930K, committed 68736K, reserved 1114112K
  class space    used 9559K, committed 10432K, reserved 1048576K
}

